c:\users\pxjw\onedrive\code\cpp_code\stumanage\stumanage\debug\stumanage.pch
c:\users\pxjw\onedrive\code\cpp_code\stumanage\stumanage\debug\vc120.pdb
c:\users\pxjw\onedrive\code\cpp_code\stumanage\stumanage\debug\vc120.idb
c:\users\pxjw\onedrive\code\cpp_code\stumanage\stumanage\debug\stdafx.obj
c:\users\pxjw\onedrive\code\cpp_code\stumanage\stumanage\debug\stumanage.obj
c:\users\pxjw\onedrive\code\cpp_code\stumanage\debug\stumanage.ilk
c:\users\pxjw\onedrive\code\cpp_code\stumanage\debug\stumanage.exe
c:\users\pxjw\onedrive\code\cpp_code\stumanage\debug\stumanage.pdb
c:\users\pxjw\documents\github\cpppractise\stumanage\stumanage\debug\stdafx.obj
c:\users\pxjw\documents\github\cpppractise\stumanage\stumanage\debug\stumanage.obj
c:\users\pxjw\documents\github\cpppractise\stumanage\stumanage\debug\stumanage.pch
c:\users\pxjw\documents\github\cpppractise\stumanage\stumanage\debug\vc120.idb
c:\users\pxjw\documents\github\cpppractise\stumanage\stumanage\debug\vc120.pdb
c:\users\pxjw\documents\github\cpppractise\stumanage\debug\stumanage.pdb
c:\users\pxjw\documents\github\cpppractise\stumanage\debug\stumanage.exe
c:\users\pxjw\documents\github\cpppractise\stumanage\debug\stumanage.ilk
c:\users\pxjw\documents\github\cpppractise\stumanage\stumanage\debug\stumanage.tlog\cl.command.1.tlog
c:\users\pxjw\documents\github\cpppractise\stumanage\stumanage\debug\stumanage.tlog\cl.read.1.tlog
c:\users\pxjw\documents\github\cpppractise\stumanage\stumanage\debug\stumanage.tlog\cl.write.1.tlog
c:\users\pxjw\documents\github\cpppractise\stumanage\stumanage\debug\stumanage.tlog\link.command.1.tlog
c:\users\pxjw\documents\github\cpppractise\stumanage\stumanage\debug\stumanage.tlog\link.read.1.tlog
c:\users\pxjw\documents\github\cpppractise\stumanage\stumanage\debug\stumanage.tlog\link.write.1.tlog
